<?xml version="1.0" encoding="UTF-8"?>
<!-- Generated by org.testng.reporters.JUnitReportReporter -->
<testsuite skipped="0" hostname="LAPTOP-PAOFRGOM" name="qaclickacademy.Mavenjava.RestAPITest" tests="2" failures="0" timestamp="2021-03-19T13:13:12 IST" time="0.001" errors="0">
  <testcase name="deleteTwitter" time="0.001" classname="qaclickacademy.Mavenjava.RestAPITest"/>
  <system-out/>
  <testcase name="postJira" time="0.000" classname="qaclickacademy.Mavenjava.RestAPITest"/>
  <system-out/>
</testsuite> <!-- qaclickacademy.Mavenjava.RestAPITest -->
